1 : adsorp.F
2 : advb.F
3 : advbb.F
4 : airdfl.F
5 : airgsd.F
6 : airgsh.F
7 : airgsv.F
8 : sjcb_eor.F
9 : sfx_eor.F
10 : frac_trans_eor.F
11 : alloc.F
12 : balanc.F
13 : band.F
14 : banner.F
15 : bdfcl.F
16 : bndfao.F
17 : bndfaw.F
18 : bndfow.F
19 : boundary.F
20 : brn_prp.F
21 : brncn.F
22 : brnfl.F
23 : brnflb.F
24 : brnfz.F
25 : brnlqv.F
26 : clocks.F
27 : crntnb.F
28 : dbgbfa.F
29 : dbgbsl.F
30 : ddfgo.F
31 : ddfgob.F
32 : ddflo.F
33 : ddflob.F
34 : dffgo.F
35 : frac_trans_gt.F
36 : dffgw.F
37 : dffgwb.F
38 : dffla.F
39 : dfflab.F
40 : dfflo.F
41 : dfflob.F
42 : dffls.F
43 : dfflsb.F
44 : dffna.F
45 : dffnab.F
46 : dffnw.F
47 : dffnwb.F
48 : difmn.F
49 : drcvg.F
50 : drcvgb.F
51 : drcvl.F
52 : drcvlb.F
53 : drcvn.F
54 : drcvnb.F
55 : eos_co2e.F
56 : fnhgbg.F
57 : fnhgbl.F
58 : fnhgbls.F
59 : fnhgbn.F
60 : fnitp.F
61 : fntblx.F
62 : fntbly.F
63 : frac.F
64 : fsplnx.F
65 : fsplny.F
66 : gasvis.F
67 : eos_seq.F
68 : hgbg_co2e.F
69 : hgbl_co2e.F
70 : flsh_seq.F
71 : intlz.F
72 : isotherm.F
73 : drcv_seq.F
74 : jcba.F
75 : drcv_co2e.F
76 : jcbalg.F
77 : jcbalgn.F
78 : jcbatm.F
79 : jcbbm.F
80 : jcbbmb.F
81 : jcbgab.F
82 : jcbgob.F
83 : jcbgwb.F
84 : jcbimts.F
85 : jcblab.F
86 : jcblob.F
87 : jcblwb.F
88 : jcbno.F
89 : jcbnob.F
90 : jcbo.F
91 : jcbolgn.F
92 : jcboln.F
93 : jcbon.F
94 : jcbotm.F
95 : jcbp.F
96 : sjcb_gt.F
97 : sfx_gt.F
98 : jcbrs.F
99 : jcbs.F
101 : jcbsb.F
102 : jcbswb.F
103 : jcbt.F
105 : jcbtb.F
106 : jcbtlg.F
107 : jcbtlgn.F
108 : frac_gt.F
109 : jcbw.F
111 : jcbwb.F
112 : jcbwl.F
113 : jcbwlb.F
114 : jcbwlg.F
115 : jcbwlgn.F
116 : jcbwlgs.F
117 : jcbwln.F
118 : jcbwlns.F
119 : jcbwls.F
120 : jcbwtm.F
121 : jcbz.F
122 : jctlg.F
123 : jctlgb.F
124 : 
125 : jcb_co2.F
126 : jcb_co2e.F
127 : jcb_seq.F
128 : masfrc.F
129 : petsc.F
130 : molfrc.F
131 : 
132 : 
133 : pnspcg.F
134 : porsty.F
135 : psplib.F
136 : pumfpk.F
137 : frac_geom.F
138 : rdatmos.F
139 : rdbala.F
140 : spill.F
141 : rdchr.F
142 : rddpr.F
143 : rdgrid.F
144 : rdgrp.F
145 : rdhydr.F
146 : rdijk.F
147 : rdinac.F
148 : rdini.F
149 : rdinpl.F
150 : rdint.F
151 : eos_gt.F
152 : rdlrp.F
153 : rdmech.F
154 : rdnrp.F
155 : rdoil.F
156 : rdouun.F
157 : rdplant.F
158 : rdrock.F
159 : rdrst.F
160 : rdsimu.F
161 : rdsolu.F
162 : rdsrel.F
163 : rdsrem.F
164 : 
165 : rdther.F
166 : rdtrmx.F
167 : rdunit.F
168 : rdvoc.F
169 : refnod.F
170 : flux_gt.F
171 : evptrns_gt.F
172 : rt_napl.F
173 : sacout.F
174 : sacrem.F
175 : saczip.F
176 : sfcfl.F
177 : sfcflb.F
178 : sfcfz.F
179 : sfcscf.F
180 : sfcsol.F
181 : sfin.F
182 : 
183 : sfxg.F
184 : sfxgb.F
185 : sfxglb.F
186 : sfxl.F
187 : sfxlb.F
188 : sfxn.F
189 : sfxnb.F
190 : sfxz.F
191 : shdp.F
192 : shdpg.F
193 : shdpl.F
194 : shdpn.F
195 : sjcbg.F
196 : sjcbl.F
197 : sjcbn.F
198 : splinx.F
199 : spliny.F
200 : srchm.F
201 : stension.F
202 : 
203 : 
204 : stomp_w.F
205 : 
206 : 
207 : 
208 : 
209 : 
210 : 
211 : 
212 : stomp_co2.F
213 : stomp_co2e.F
214 : stomp_seq.F
215 : 
216 : stomp_wo.F
217 : 
218 : 
219 : stomp_woa.F
220 : 
221 : 
222 : 
223 : 
224 : 
225 : 
226 : 
227 : 
228 : 
229 : 
230 : thdg.F
231 : thdgb.F
232 : thdgw.F
233 : thdgwb.F
234 : thke.F
235 : thmag.F
236 : thmagb.F
237 : thmal.F
238 : thmalb.F
239 : thman.F
240 : thmanb.F
241 : thmd.F
242 : thmdb.F
243 : tmstep.F
244 : tortu.F
245 : ucode_w.F
246 : ucode_gt.F
247 : updtc.F
248 : ustep1.F
249 : vflg.F
250 : vflgb.F
251 : vocdfg.F
252 : vocdfl.F
253 : vocgsd.F
254 : jcb_gt.F
255 : vocgsv.F
256 : voclqd.F
257 : voclqh.F
258 : voclqk.F
259 : voclqv.F
260 : vocsp.F
261 : vplwr.F
262 : watdfg.F
263 : watgsd.F
264 : watgsh.F
265 : watgsv.F
266 : waticd.F
267 : watich.F
268 : watick.F
269 : watlqd.F
270 : watlqh.F
271 : watlqk.F
272 : watlqv.F
273 : watsp.F
274 : 
275 : well_wo.F
276 : wrmsg.F
277 : wrplot.F
278 : wrrst.F
279 : xyz.F
280 : 
281 : 
282 : 
283 : 
284 : 
285 : eckechem.F
286 : dffga.F
287 : dffgab.F
288 : 
289 : 
290 : thd_seq.F
291 : sfxb_co2.F
292 : thd_co2e.F
293 : dff_co2e.F
294 : dff_seq.F
295 : sfx_seq.F
296 : 
297 : 
298 : 
299 : 
300 : 
301 : 
302 : 
303 : 
304 : 
305 : 
306 : 
307 : geomech.F
308 : 
309 : 
310 : 
311 : 
312 : 
313 : dff_woa.F
314 : jcb_woa.F
315 : 
316 : 
317 : 
318 : 
319 : 
320 : 
321 : 
322 : 
323 : 
324 : 
325 : 
326 : 
327 : stomp_hyd_ke.F
328 : flsh_hyd_ke.F
329 : eos_hyd_ke.F
330 : jcb_hyd_ke.F
331 : perm_i.F
332 : well_co2.F
333 : well_seq.F
334 : well_co2e.F
335 : 
336 : stomp_hydt_ke.F
337 : dffg_hydt_ke.F
338 : dffl_hydt_ke.F
339 : dffn_hydt_ke.F
340 : flsh_hyd.F
341 : eos_hydt_ke.F
342 : drcv_hydt_ke.F
343 : jcba_hydt_ke.F
344 : jcbn_hydt_ke.F
345 : jcbo_hydt_ke.F
346 : jcbs_hydt_ke.F
347 : jcbt_hydt_ke.F
348 : jcbw_hydt_ke.F
349 : thd_hydt_ke.F
350 : dff_comp.F
351 : drcv_comp.F
352 : eos_comp.F
353 : hgbg_comp.F
354 : hgbl_comp.F
355 : jcb_comp.F
356 : stomp_comp.F
357 : thd_comp.F
358 : flsh_hydt_ke.F
359 : eos_eor.F
360 : stomp_eor.F
361 : flsh_eor.F
362 : dffg_eor.F
363 : dffl_eor.F
364 : dffn_eor.F
365 : thd_eor.F
366 : jcbc_eor.F
367 : jcbs_eor.F
368 : jcbt_eor.F
369 : jcbw_eor.F
370 : hgb_eor.F
371 : drcv_eor.F
372 : dffg_eor.F
373 : dffl_eor.F
374 : dffn_eor.F
375 : tport_eor.F
376 : well_eor.F
377 : toECKE.f90
378 : flsh_gt.F
379 : evapo_trans.F
380 : rdfrac.F
381 : dual_por_eor.F



